<?xml version="1.0" encoding="UTF-8"?>
<testng-results ignored="1" total="2" passed="1" failed="0" skipped="0">
  <reporter-output>
    <line>
      <![CDATA[chat]]>
    </line>
  </reporter-output>
  <suite started-at="2021-09-18T20:56:32 IST" name="Default suite" finished-at="2021-09-18T20:56:32 IST" duration-ms="89">
    <groups>
    </groups>
    <test started-at="2021-09-18T20:56:32 IST" name="Default test" finished-at="2021-09-18T20:56:32 IST" duration-ms="89">
      <class name="class_AugTwentytwo.skip">
        <test-method signature="chat()[pri:0, instance:class_AugTwentytwo.skip@69e1dd28]" started-at="2021-09-18T20:56:32 IST" name="chat" finished-at="2021-09-18T20:56:32 IST" duration-ms="15" status="PASS">
          <reporter-output>
            <line>
              <![CDATA[chat]]>
            </line>
          </reporter-output>
        </test-method> <!-- chat -->
      </class> <!-- class_AugTwentytwo.skip -->
    </test> <!-- Default test -->
  </suite> <!-- Default suite -->
</testng-results>
